\BOOKMARK [0][-]{chapter.1}{Related work}{}% 1
\BOOKMARK [1][-]{section.1.1}{Introduction}{chapter.1}% 2
\BOOKMARK [1][-]{section.1.2}{Related work in scan matching}{chapter.1}% 3
\BOOKMARK [2][-]{subsection.1.2.1}{Scan matching using the Hough transform}{section.1.2}% 4
\BOOKMARK [2][-]{subsection.1.2.2}{Scan matching in polygonal environments}{section.1.2}% 5
\BOOKMARK [1][-]{section.1.3}{Selecting features to track}{chapter.1}% 6
\BOOKMARK [0][-]{chapter.2}{Basic concepts}{}% 7
\BOOKMARK [1][-]{section.2.1}{Introduction}{chapter.2}% 8
\BOOKMARK [1][-]{section.2.2}{Robot sensors}{chapter.2}% 9
\BOOKMARK [2][-]{subsection.2.2.1}{Range sensors}{section.2.2}% 10
\BOOKMARK [1][-]{section.2.3}{Odometry}{chapter.2}% 11
\BOOKMARK [2][-]{subsection.2.3.1}{Systematic and Non-Systematic errors in odometry}{section.2.3}% 12
\BOOKMARK [2][-]{subsection.2.3.2}{Measuring Systematic errors}{section.2.3}% 13
\BOOKMARK [2][-]{subsection.2.3.3}{Measuring non-Systematic errors}{section.2.3}% 14
\BOOKMARK [1][-]{section.2.4}{Extracting features}{chapter.2}% 15
\BOOKMARK [2][-]{subsection.2.4.1}{Extracting lines as features}{section.2.4}% 16
\BOOKMARK [1][-]{section.2.5}{Least squares estimation}{chapter.2}% 17
\BOOKMARK [0][-]{chapter.3}{ Fast Position Tracking: overall approach}{}% 18
\BOOKMARK [1][-]{section.3.1}{Introduction}{chapter.3}% 19
\BOOKMARK [1][-]{section.3.2}{Landmarks and features}{chapter.3}% 20
\BOOKMARK [2][-]{subsection.3.2.1}{Extraction and model of features}{section.3.2}% 21
\BOOKMARK [1][-]{section.3.3}{Matching features}{chapter.3}% 22
\BOOKMARK [2][-]{subsection.3.3.1}{Solving matching problem using least squares estimation}{section.3.3}% 23
\BOOKMARK [2][-]{subsection.3.3.2}{Determining associations between features}{section.3.3}% 24
