\BOOKMARK [0][-]{chapter.1}{Introduction}{}% 1
\BOOKMARK [0][-]{chapter.2}{Related work}{}% 2
\BOOKMARK [1][-]{section.2.1}{Introduction}{chapter.2}% 3
\BOOKMARK [1][-]{section.2.2}{Related work in scan matching}{chapter.2}% 4
\BOOKMARK [2][-]{subsection.2.2.1}{Scan matching using the Hough transform}{section.2.2}% 5
\BOOKMARK [2][-]{subsection.2.2.2}{Scan matching in polygonal environments}{section.2.2}% 6
\BOOKMARK [1][-]{section.2.3}{Selecting features to track}{chapter.2}% 7
\BOOKMARK [0][-]{chapter.3}{Basic concepts}{}% 8
\BOOKMARK [1][-]{section.3.1}{Introduction}{chapter.3}% 9
\BOOKMARK [1][-]{section.3.2}{Robot sensors}{chapter.3}% 10
\BOOKMARK [2][-]{subsection.3.2.1}{Range sensors}{section.3.2}% 11
\BOOKMARK [1][-]{section.3.3}{Odometry}{chapter.3}% 12
\BOOKMARK [2][-]{subsection.3.3.1}{Systematic and Non-Systematic errors in odometry}{section.3.3}% 13
\BOOKMARK [2][-]{subsection.3.3.2}{Measuring Systematic errors}{section.3.3}% 14
\BOOKMARK [2][-]{subsection.3.3.3}{Measuring non-Systematic errors}{section.3.3}% 15
\BOOKMARK [1][-]{section.3.4}{Extracting features}{chapter.3}% 16
\BOOKMARK [2][-]{subsection.3.4.1}{Extracting lines as features}{section.3.4}% 17
\BOOKMARK [1][-]{section.3.5}{Least squares estimation}{chapter.3}% 18
\BOOKMARK [0][-]{chapter.4}{Fast Position Tracking: overall approach}{}% 19
\BOOKMARK [1][-]{section.4.1}{Introduction}{chapter.4}% 20
\BOOKMARK [1][-]{section.4.2}{Landmarks and features}{chapter.4}% 21
\BOOKMARK [2][-]{subsection.4.2.1}{Extraction and model of features}{section.4.2}% 22
\BOOKMARK [1][-]{section.4.3}{Matching features}{chapter.4}% 23
\BOOKMARK [2][-]{subsection.4.3.1}{Solving matching problem using least squares estimation}{section.4.3}% 24
\BOOKMARK [2][-]{subsection.4.3.2}{Determining associations between features}{section.4.3}% 25
\BOOKMARK [0][-]{chapter.5}{Experiments}{}% 26
\BOOKMARK [1][-]{section.5.1}{Introduction}{chapter.5}% 27
\BOOKMARK [1][-]{section.5.2}{Robot Operating System}{chapter.5}% 28
\BOOKMARK [1][-]{section.5.3}{The ROS Stage Simulator}{chapter.5}% 29
\BOOKMARK [1][-]{section.5.4}{Results}{chapter.5}% 30
\BOOKMARK [2][-]{subsection.5.4.1}{Preliminaries}{section.5.4}% 31
\BOOKMARK [2][-]{subsection.5.4.2}{Testing least squares estimation \(LSE\)}{section.5.4}% 32
\BOOKMARK [2][-]{subsection.5.4.3}{Testing data association}{section.5.4}% 33
