This is pdfTeX, Version 3.1415926-2.3-1.40.12 (TeX Live 2011) (format=pdflatex 2011.7.3)  11 JUN 2016 18:58
entering extended mode
 \write18 enabled.
 file:line:error style messages enabled.
 %&-line parsing enabled.
**/università/tesi/report_latexian/TSWLatexianTemp_000632.tex
(/università/tesi/report_latexian/TSWLatexianTemp_000632.tex
LaTeX2e <2009/09/24>
Babel <v3.8l> and hyphenation patterns for english, dumylang, nohyphenation, german-x-2009-06-19, ngerman-x-2009-06-19, afrikaans, ancientgreek, ibycus, arabic, armenian, basque, bulgarian, catalan, pinyin, coptic, croatian, czech, danish, dutch, ukenglish, usenglishmax, esperanto, estonian, ethiopic, farsi, finnish, french, galician, german, ngerman, swissgerman, monogreek, greek, hungarian, icelandic, assamese, bengali, gujarati, hindi, kannada, malayalam, marathi, oriya, panjabi, tamil, telugu, indonesian, interlingua, irish, italian, kurmanji, lao, latin, latvian, lithuanian, mongolian, mongolianlmc, bokmal, nynorsk, polish, portuguese, romanian, russian, sanskrit, serbian, serbianc, slovak, slovenian, spanish, swedish, turkish, turkmen, ukrainian, uppersorbian, welsh, loaded.
(/usr/local/texlive/2011/texmf-dist/tex/latex/base/report.cls
Document Class: report 2007/10/19 v1.4h Standard LaTeX document class
(/usr/local/texlive/2011/texmf-dist/tex/latex/base/size10.clo
File: size10.clo 2007/10/19 v1.4h Standard LaTeX file (size option)
)
\c@part=\count79
\c@chapter=\count80
\c@section=\count81
\c@subsection=\count82
\c@subsubsection=\count83
\c@paragraph=\count84
\c@subparagraph=\count85
\c@figure=\count86
\c@table=\count87
\abovecaptionskip=\skip41
\belowcaptionskip=\skip42
\bibindent=\dimen102
) (/usr/local/texlive/2011/texmf-dist/tex/latex/base/fontenc.sty
Package: fontenc 2005/09/27 v1.99g Standard LaTeX package
 (/usr/local/texlive/2011/texmf-dist/tex/latex/base/t1enc.def
File: t1enc.def 2005/09/27 v1.99g Standard LaTeX file
LaTeX Font Info:    Redeclaring font encoding T1 on input line 43.
)) (/usr/local/texlive/2011/texmf-dist/tex/latex/base/inputenc.sty
Package: inputenc 2008/03/30 v1.1d Input encoding file
\inpenc@prehook=\toks14
\inpenc@posthook=\toks15
 (/usr/local/texlive/2011/texmf-dist/tex/latex/base/utf8.def
File: utf8.def 2008/04/05 v1.1m UTF-8 support for inputenc
Now handling font encoding OML ...
... no UTF-8 mapping file for font encoding OML
Now handling font encoding T1 ...
... processing UTF-8 mapping file for font encoding T1
 (/usr/local/texlive/2011/texmf-dist/tex/latex/base/t1enc.dfu
File: t1enc.dfu 2008/04/05 v1.1m UTF-8 support for inputenc
   defining Unicode char U+00A1 (decimal 161)
   defining Unicode char U+00A3 (decimal 163)
   defining Unicode char U+00AB (decimal 171)
   defining Unicode char U+00BB (decimal 187)
   defining Unicode char U+00BF (decimal 191)
   defining Unicode char U+00C0 (decimal 192)
   defining Unicode char U+00C1 (decimal 193)
   defining Unicode char U+00C2 (decimal 194)
   defining Unicode char U+00C3 (decimal 195)
   defining Unicode char U+00C4 (decimal 196)
   defining Unicode char U+00C5 (decimal 197)
   defining Unicode char U+00C6 (decimal 198)
   defining Unicode char U+00C7 (decimal 199)
   defining Unicode char U+00C8 (decimal 200)
   defining Unicode char U+00C9 (decimal 201)
   defining Unicode char U+00CA (decimal 202)
   defining Unicode char U+00CB (decimal 203)
   defining Unicode char U+00CC (decimal 204)
   defining Unicode char U+00CD (decimal 205)
   defining Unicode char U+00CE (decimal 206)
   defining Unicode char U+00CF (decimal 207)
   defining Unicode char U+00D0 (decimal 208)
   defining Unicode char U+00D1 (decimal 209)
   defining Unicode char U+00D2 (decimal 210)
   defining Unicode char U+00D3 (decimal 211)
   defining Unicode char U+00D4 (decimal 212)
   defining Unicode char U+00D5 (decimal 213)
   defining Unicode char U+00D6 (decimal 214)
   defining Unicode char U+00D8 (decimal 216)
   defining Unicode char U+00D9 (decimal 217)
   defining Unicode char U+00DA (decimal 218)
   defining Unicode char U+00DB (decimal 219)
   defining Unicode char U+00DC (decimal 220)
   defining Unicode char U+00DD (decimal 221)
   defining Unicode char U+00DE (decimal 222)
   defining Unicode char U+00DF (decimal 223)
   defining Unicode char U+00E0 (decimal 224)
   defining Unicode char U+00E1 (decimal 225)
   defining Unicode char U+00E2 (decimal 226)
   defining Unicode char U+00E3 (decimal 227)
   defining Unicode char U+00E4 (decimal 228)
   defining Unicode char U+00E5 (decimal 229)
   defining Unicode char U+00E6 (decimal 230)
   defining Unicode char U+00E7 (decimal 231)
   defining Unicode char U+00E8 (decimal 232)
   defining Unicode char U+00E9 (decimal 233)
   defining Unicode char U+00EA (decimal 234)
   defining Unicode char U+00EB (decimal 235)
   defining Unicode char U+00EC (decimal 236)
   defining Unicode char U+00ED (decimal 237)
   defining Unicode char U+00EE (decimal 238)
   defining Unicode char U+00EF (decimal 239)
   defining Unicode char U+00F0 (decimal 240)
   defining Unicode char U+00F1 (decimal 241)
   defining Unicode char U+00F2 (decimal 242)
   defining Unicode char U+00F3 (decimal 243)
   defining Unicode char U+00F4 (decimal 244)
   defining Unicode char U+00F5 (decimal 245)
   defining Unicode char U+00F6 (decimal 246)
   defining Unicode char U+00F8 (decimal 248)
   defining Unicode char U+00F9 (decimal 249)
   defining Unicode char U+00FA (decimal 250)
   defining Unicode char U+00FB (decimal 251)
   defining Unicode char U+00FC (decimal 252)
   defining Unicode char U+00FD (decimal 253)
   defining Unicode char U+00FE (decimal 254)
   defining Unicode char U+00FF (decimal 255)
   defining Unicode char U+0102 (decimal 258)
   defining Unicode char U+0103 (decimal 259)
   defining Unicode char U+0104 (decimal 260)
   defining Unicode char U+0105 (decimal 261)
   defining Unicode char U+0106 (decimal 262)
   defining Unicode char U+0107 (decimal 263)
   defining Unicode char U+010C (decimal 268)
   defining Unicode char U+010D (decimal 269)
   defining Unicode char U+010E (decimal 270)
   defining Unicode char U+010F (decimal 271)
   defining Unicode char U+0110 (decimal 272)
   defining Unicode char U+0111 (decimal 273)
   defining Unicode char U+0118 (decimal 280)
   defining Unicode char U+0119 (decimal 281)
   defining Unicode char U+011A (decimal 282)
   defining Unicode char U+011B (decimal 283)
   defining Unicode char U+011E (decimal 286)
   defining Unicode char U+011F (decimal 287)
   defining Unicode char U+0130 (decimal 304)
   defining Unicode char U+0131 (decimal 305)
   defining Unicode char U+0132 (decimal 306)
   defining Unicode char U+0133 (decimal 307)
   defining Unicode char U+0139 (decimal 313)
   defining Unicode char U+013A (decimal 314)
   defining Unicode char U+013D (decimal 317)
   defining Unicode char U+013E (decimal 318)
   defining Unicode char U+0141 (decimal 321)
   defining Unicode char U+0142 (decimal 322)
   defining Unicode char U+0143 (decimal 323)
   defining Unicode char U+0144 (decimal 324)
   defining Unicode char U+0147 (decimal 327)
   defining Unicode char U+0148 (decimal 328)
   defining Unicode char U+014A (decimal 330)
   defining Unicode char U+014B (decimal 331)
   defining Unicode char U+0150 (decimal 336)
   defining Unicode char U+0151 (decimal 337)
   defining Unicode char U+0152 (decimal 338)
   defining Unicode char U+0153 (decimal 339)
   defining Unicode char U+0154 (decimal 340)
   defining Unicode char U+0155 (decimal 341)
   defining Unicode char U+0158 (decimal 344)
   defining Unicode char U+0159 (decimal 345)
   defining Unicode char U+015A (decimal 346)
   defining Unicode char U+015B (decimal 347)
   defining Unicode char U+015E (decimal 350)
   defining Unicode char U+015F (decimal 351)
   defining Unicode char U+0160 (decimal 352)
   defining Unicode char U+0161 (decimal 353)
   defining Unicode char U+0162 (decimal 354)
   defining Unicode char U+0163 (decimal 355)
   defining Unicode char U+0164 (decimal 356)
   defining Unicode char U+0165 (decimal 357)
   defining Unicode char U+016E (decimal 366)
   defining Unicode char U+016F (decimal 367)
   defining Unicode char U+0170 (decimal 368)
   defining Unicode char U+0171 (decimal 369)
   defining Unicode char U+0178 (decimal 376)
   defining Unicode char U+0179 (decimal 377)
   defining Unicode char U+017A (decimal 378)
   defining Unicode char U+017B (decimal 379)
   defining Unicode char U+017C (decimal 380)
   defining Unicode char U+017D (decimal 381)
   defining Unicode char U+017E (decimal 382)
   defining Unicode char U+200C (decimal 8204)
   defining Unicode char U+2013 (decimal 8211)
   defining Unicode char U+2014 (decimal 8212)
   defining Unicode char U+2018 (decimal 8216)
   defining Unicode char U+2019 (decimal 8217)
   defining Unicode char U+201A (decimal 8218)
   defining Unicode char U+201C (decimal 8220)
   defining Unicode char U+201D (decimal 8221)
   defining Unicode char U+201E (decimal 8222)
   defining Unicode char U+2030 (decimal 8240)
   defining Unicode char U+2031 (decimal 8241)
   defining Unicode char U+2039 (decimal 8249)
   defining Unicode char U+203A (decimal 8250)
   defining Unicode char U+2423 (decimal 9251)
)
Now handling font encoding OT1 ...
... processing UTF-8 mapping file for font encoding OT1
 (/usr/local/texlive/2011/texmf-dist/tex/latex/base/ot1enc.dfu
File: ot1enc.dfu 2008/04/05 v1.1m UTF-8 support for inputenc
   defining Unicode char U+00A1 (decimal 161)
   defining Unicode char U+00A3 (decimal 163)
   defining Unicode char U+00B8 (decimal 184)
   defining Unicode char U+00BF (decimal 191)
   defining Unicode char U+00C5 (decimal 197)
   defining Unicode char U+00C6 (decimal 198)
   defining Unicode char U+00D8 (decimal 216)
   defining Unicode char U+00DF (decimal 223)
   defining Unicode char U+00E6 (decimal 230)
   defining Unicode char U+00EC (decimal 236)
   defining Unicode char U+00ED (decimal 237)
   defining Unicode char U+00EE (decimal 238)
   defining Unicode char U+00EF (decimal 239)
   defining Unicode char U+00F8 (decimal 248)
   defining Unicode char U+0131 (decimal 305)
   defining Unicode char U+0141 (decimal 321)
   defining Unicode char U+0142 (decimal 322)
   defining Unicode char U+0152 (decimal 338)
   defining Unicode char U+0153 (decimal 339)
   defining Unicode char U+2013 (decimal 8211)
   defining Unicode char U+2014 (decimal 8212)
   defining Unicode char U+2018 (decimal 8216)
   defining Unicode char U+2019 (decimal 8217)
   defining Unicode char U+201C (decimal 8220)
   defining Unicode char U+201D (decimal 8221)
)
Now handling font encoding OMS ...
... processing UTF-8 mapping file for font encoding OMS
 (/usr/local/texlive/2011/texmf-dist/tex/latex/base/omsenc.dfu
File: omsenc.dfu 2008/04/05 v1.1m UTF-8 support for inputenc
   defining Unicode char U+00A7 (decimal 167)
   defining Unicode char U+00B6 (decimal 182)
   defining Unicode char U+00B7 (decimal 183)
   defining Unicode char U+2020 (decimal 8224)
   defining Unicode char U+2021 (decimal 8225)
   defining Unicode char U+2022 (decimal 8226)
)
Now handling font encoding OMX ...
... no UTF-8 mapping file for font encoding OMX
Now handling font encoding U ...
... no UTF-8 mapping file for font encoding U
   defining Unicode char U+00A9 (decimal 169)
   defining Unicode char U+00AA (decimal 170)
   defining Unicode char U+00AE (decimal 174)
   defining Unicode char U+00BA (decimal 186)
   defining Unicode char U+02C6 (decimal 710)
   defining Unicode char U+02DC (decimal 732)
   defining Unicode char U+200C (decimal 8204)
   defining Unicode char U+2026 (decimal 8230)
   defining Unicode char U+2122 (decimal 8482)
   defining Unicode char U+2423 (decimal 9251)
)) (/usr/local/texlive/2011/texmf-dist/tex/generic/babel/babel.sty
Package: babel 2008/07/06 v3.8l The Babel package
 (/usr/local/texlive/2011/texmf-dist/tex/generic/babel/english.ldf
Language: english 2005/03/30 v3.3o English support from the babel system
 (/usr/local/texlive/2011/texmf-dist/tex/generic/babel/babel.def
File: babel.def 2008/07/06 v3.8l Babel common definitions
\babel@savecnt=\count88
\U@D=\dimen103
)
\l@canadian = a dialect from \language\l@american 
\l@australian = a dialect from \language\l@british 
\l@newzealand = a dialect from \language\l@british 
)) (/usr/local/texlive/2011/texmf-dist/tex/latex/psnfss/mathptmx.sty
Package: mathptmx 2005/04/12 PSNFSS-v9.2a Times w/ Math, improved (SPQR, WaS) 
LaTeX Font Info:    Redeclaring symbol font `operators' on input line 28.
LaTeX Font Info:    Overwriting symbol font `operators' in version `normal'
(Font)                  OT1/cmr/m/n --> OT1/ztmcm/m/n on input line 28.
LaTeX Font Info:    Overwriting symbol font `operators' in version `bold'
(Font)                  OT1/cmr/bx/n --> OT1/ztmcm/m/n on input line 28.
LaTeX Font Info:    Redeclaring symbol font `letters' on input line 29.
LaTeX Font Info:    Overwriting symbol font `letters' in version `normal'
(Font)                  OML/cmm/m/it --> OML/ztmcm/m/it on input line 29.
LaTeX Font Info:    Overwriting symbol font `letters' in version `bold'
(Font)                  OML/cmm/b/it --> OML/ztmcm/m/it on input line 29.
LaTeX Font Info:    Redeclaring symbol font `symbols' on input line 30.
LaTeX Font Info:    Overwriting symbol font `symbols' in version `normal'
(Font)                  OMS/cmsy/m/n --> OMS/ztmcm/m/n on input line 30.
LaTeX Font Info:    Overwriting symbol font `symbols' in version `bold'
(Font)                  OMS/cmsy/b/n --> OMS/ztmcm/m/n on input line 30.
LaTeX Font Info:    Redeclaring symbol font `largesymbols' on input line 31.
LaTeX Font Info:    Overwriting symbol font `largesymbols' in version `normal'
(Font)                  OMX/cmex/m/n --> OMX/ztmcm/m/n on input line 31.
LaTeX Font Info:    Overwriting symbol font `largesymbols' in version `bold'
(Font)                  OMX/cmex/m/n --> OMX/ztmcm/m/n on input line 31.
\symbold=\mathgroup4
\symitalic=\mathgroup5
LaTeX Font Info:    Redeclaring math alphabet \mathbf on input line 34.
LaTeX Font Info:    Overwriting math alphabet `\mathbf' in version `normal'
(Font)                  OT1/cmr/bx/n --> OT1/ptm/bx/n on input line 34.
LaTeX Font Info:    Overwriting math alphabet `\mathbf' in version `bold'
(Font)                  OT1/cmr/bx/n --> OT1/ptm/bx/n on input line 34.
LaTeX Font Info:    Redeclaring math alphabet \mathit on input line 35.
LaTeX Font Info:    Overwriting math alphabet `\mathit' in version `normal'
(Font)                  OT1/cmr/m/it --> OT1/ptm/m/it on input line 35.
LaTeX Font Info:    Overwriting math alphabet `\mathit' in version `bold'
(Font)                  OT1/cmr/bx/it --> OT1/ptm/m/it on input line 35.
LaTeX Info: Redefining \hbar on input line 50.
) (/usr/local/texlive/2011/texmf-dist/tex/latex/geometry/geometry.sty
Package: geometry 2010/09/12 v5.6 Page Geometry
 (/usr/local/texlive/2011/texmf-dist/tex/latex/graphics/keyval.sty
Package: keyval 1999/03/16 v1.13 key=value parser (DPC)
\KV@toks@=\toks16
) (/usr/local/texlive/2011/texmf-dist/tex/generic/oberdiek/ifpdf.sty
Package: ifpdf 2011/01/30 v2.3 Provides the ifpdf switch (HO)
Package ifpdf Info: pdfTeX in PDF mode is detected.
) (/usr/local/texlive/2011/texmf-dist/tex/generic/oberdiek/ifvtex.sty
Package: ifvtex 2010/03/01 v1.5 Switches for detecting VTeX and its modes (HO)
Package ifvtex Info: VTeX not detected.
) (/usr/local/texlive/2011/texmf-dist/tex/generic/ifxetex/ifxetex.sty
Package: ifxetex 2010/09/12 v0.6 Provides ifxetex conditional
)
\Gm@cnth=\count89
\Gm@cntv=\count90
\c@Gm@tempcnt=\count91
\Gm@bindingoffset=\dimen104
\Gm@wd@mp=\dimen105
\Gm@odd@mp=\dimen106
\Gm@even@mp=\dimen107
\Gm@layoutwidth=\dimen108
\Gm@layoutheight=\dimen109
\Gm@layouthoffset=\dimen110
\Gm@layoutvoffset=\dimen111
\Gm@dimlist=\toks17
) (/usr/local/texlive/2011/texmf-dist/tex/latex/graphics/graphicx.sty
Package: graphicx 1999/02/16 v1.0f Enhanced LaTeX Graphics (DPC,SPQR)
 (/usr/local/texlive/2011/texmf-dist/tex/latex/graphics/graphics.sty
Package: graphics 2009/02/05 v1.0o Standard LaTeX Graphics (DPC,SPQR)
 (/usr/local/texlive/2011/texmf-dist/tex/latex/graphics/trig.sty
Package: trig 1999/03/16 v1.09 sin cos tan (DPC)
) (/usr/local/texlive/2011/texmf-dist/tex/latex/latexconfig/graphics.cfg
File: graphics.cfg 2010/04/23 v1.9 graphics configuration of TeX Live
)
Package graphics Info: Driver file: pdftex.def on input line 91.
 (/usr/local/texlive/2011/texmf-dist/tex/latex/pdftex-def/pdftex.def
File: pdftex.def 2011/05/27 v0.06d Graphics/color for pdfTeX
 (/usr/local/texlive/2011/texmf-dist/tex/generic/oberdiek/infwarerr.sty
Package: infwarerr 2010/04/08 v1.3 Providing info/warning/message (HO)
) (/usr/local/texlive/2011/texmf-dist/tex/generic/oberdiek/ltxcmds.sty
Package: ltxcmds 2011/04/18 v1.20 LaTeX kernel commands for general use (HO)
)
\Gread@gobject=\count92
))
\Gin@req@height=\dimen112
\Gin@req@width=\dimen113
) (/usr/local/texlive/2011/texmf-dist/tex/latex/tools/array.sty
Package: array 2008/09/09 v2.4c Tabular extension package (FMi)
\col@sep=\dimen114
\extrarowheight=\dimen115
\NC@list=\toks18
\extratabsurround=\skip43
\backup@length=\skip44
) (/usr/local/texlive/2011/texmf-dist/tex/latex/titlesec/titlesec.sty
Package: titlesec 2007/08/12 v2.8 Sectioning titles
\ttl@box=\box26
\beforetitleunit=\skip45
\aftertitleunit=\skip46
\ttl@plus=\dimen116
\ttl@minus=\dimen117
\ttl@toksa=\toks19
\titlewidth=\dimen118
\titlewidthlast=\dimen119
\titlewidthfirst=\dimen120
) (/usr/local/texlive/2011/texmf-dist/tex/latex/caption/caption.sty
Package: caption 2010/01/09 v3.1m Customizing captions (AR)
 (/usr/local/texlive/2011/texmf-dist/tex/latex/caption/caption3.sty
Package: caption3 2010/01/14 v3.1m caption3 kernel (AR)
\captionmargin=\dimen121
\captionmargin@=\dimen122
\captionwidth=\dimen123
\caption@indent=\dimen124
\caption@parindent=\dimen125
\caption@hangindent=\dimen126
)
\c@ContinuedFloat=\count93
) (/usr/local/texlive/2011/texmf-dist/tex/latex/subfig/subfig.sty
Package: subfig 2005/06/28 ver: 1.3 subfig package
\c@KVtest=\count94
\sf@farskip=\skip47
\sf@captopadj=\dimen127
\sf@capskip=\skip48
\sf@nearskip=\skip49
\c@subfigure=\count95
\c@subfigure@save=\count96
\c@lofdepth=\count97
\c@subtable=\count98
\c@subtable@save=\count99
\c@lotdepth=\count100
\sf@top=\skip50
\sf@bottom=\skip51
) (/usr/local/texlive/2011/texmf-dist/tex/latex/amsmath/amsmath.sty
Package: amsmath 2000/07/18 v2.13 AMS math features
\@mathmargin=\skip52

For additional information on amsmath, use the `?' option.
(/usr/local/texlive/2011/texmf-dist/tex/latex/amsmath/amstext.sty
Package: amstext 2000/06/29 v2.01
 (/usr/local/texlive/2011/texmf-dist/tex/latex/amsmath/amsgen.sty
File: amsgen.sty 1999/11/30 v2.0
\@emptytoks=\toks20
\ex@=\dimen128
)) (/usr/local/texlive/2011/texmf-dist/tex/latex/amsmath/amsbsy.sty
Package: amsbsy 1999/11/29 v1.2d
\pmbraise@=\dimen129
) (/usr/local/texlive/2011/texmf-dist/tex/latex/amsmath/amsopn.sty
Package: amsopn 1999/12/14 v2.01 operator names
)
\inf@bad=\count101
LaTeX Info: Redefining \frac on input line 211.
\uproot@=\count102
\leftroot@=\count103
LaTeX Info: Redefining \overline on input line 307.
\classnum@=\count104
\DOTSCASE@=\count105
LaTeX Info: Redefining \ldots on input line 379.
LaTeX Info: Redefining \dots on input line 382.
LaTeX Info: Redefining \cdots on input line 467.
\Mathstrutbox@=\box27
\strutbox@=\box28
\big@size=\dimen130
LaTeX Font Info:    Redeclaring font encoding OML on input line 567.
LaTeX Font Info:    Redeclaring font encoding OMS on input line 568.
\macc@depth=\count106
\c@MaxMatrixCols=\count107
\dotsspace@=\muskip10
\c@parentequation=\count108
\dspbrk@lvl=\count109
\tag@help=\toks21
\row@=\count110
\column@=\count111
\maxfields@=\count112
\andhelp@=\toks22
\eqnshift@=\dimen131
\alignsep@=\dimen132
\tagshift@=\dimen133
\tagwidth@=\dimen134
\totwidth@=\dimen135
\lineht@=\dimen136
\@envbody=\toks23
\multlinegap=\skip53
\multlinetaggap=\skip54
\mathdisplay@stack=\toks24
LaTeX Info: Redefining \[ on input line 2666.
LaTeX Info: Redefining \] on input line 2667.
) (/usr/local/texlive/2011/texmf-dist/tex/latex/amsfonts/amsfonts.sty
Package: amsfonts 2009/06/22 v3.00 Basic AMSFonts support
\symAMSa=\mathgroup6
\symAMSb=\mathgroup7
LaTeX Font Info:    Overwriting math alphabet `\mathfrak' in version `bold'
(Font)                  U/euf/m/n --> U/euf/b/n on input line 96.
) (/usr/local/texlive/2011/texmf-dist/tex/latex/mh/mathtools.sty
Package: mathtools 2011/02/12 v1.10 mathematical typesetting tools
 (/usr/local/texlive/2011/texmf-dist/tex/latex/tools/calc.sty
Package: calc 2007/08/22 v4.3 Infix arithmetic (KKT,FJ)
\calc@Acount=\count113
\calc@Bcount=\count114
\calc@Adimen=\dimen137
\calc@Bdimen=\dimen138
\calc@Askip=\skip55
\calc@Bskip=\skip56
LaTeX Info: Redefining \setlength on input line 76.
LaTeX Info: Redefining \addtolength on input line 77.
\calc@Ccount=\count115
\calc@Cskip=\skip57
) (/usr/local/texlive/2011/texmf-dist/tex/latex/mh/mhsetup.sty
Package: mhsetup 2010/01/21 v1.2a programming setup (MH)
)
\g_MT_multlinerow_int=\count116
\l_MT_multwidth_dim=\dimen139
\origjot=\skip58
\l_MT_shortvdotswithinadjustabove_dim=\dimen140
\l_MT_shortvdotswithinadjustbelow_dim=\dimen141
) (/usr/local/texlive/2011/texmf-dist/tex/latex/tools/bm.sty
Package: bm 2004/02/26 v1.1c Bold Symbol Support (DPC/FMi)
LaTeX Info: Redefining \bm on input line 204.
) (/usr/local/texlive/2011/texmf-dist/tex/latex/morefloats/morefloats.sty
Package: morefloats 2011/02/01 v1.0d Increase limit of unprocessed floats (HMM; DH)
 (/usr/local/texlive/2011/texmf-dist/tex/latex/oberdiek/kvoptions.sty
Package: kvoptions 2010/12/23 v3.10 Keyval support for LaTeX options (HO)
 (/usr/local/texlive/2011/texmf-dist/tex/generic/oberdiek/kvsetkeys.sty
Package: kvsetkeys 2011/04/07 v1.13 Key value parser (HO)
 (/usr/local/texlive/2011/texmf-dist/tex/generic/oberdiek/etexcmds.sty
Package: etexcmds 2011/02/16 v1.5 Prefix for e-TeX command names (HO)
 (/usr/local/texlive/2011/texmf-dist/tex/generic/oberdiek/ifluatex.sty
Package: ifluatex 2010/03/01 v1.3 Provides the ifluatex switch (HO)
Package ifluatex Info: LuaTeX not detected.
)
Package etexcmds Info: Could not find \expanded.
(etexcmds)             That can mean that you are not using pdfTeX 1.50 or
(etexcmds)             that some package has redefined \expanded.
(etexcmds)             In the latter case, load this package earlier.
)))
\c@maxfloats=\count117


Package maxfloats Warning: 
(maxfloats)                Maximum number of possible floats asked for: 36.
(maxfloats)                LaTeX might run out of dimensions or memory
(maxfloats)                before this (in which case it will notify you).
(maxfloats)                 on input line 127.

\bx@S=\insert233
\bx@T=\insert232
\bx@U=\insert231
\bx@V=\insert230
\bx@W=\insert229
\bx@X=\insert228
\bx@Y=\insert227
\bx@Z=\insert226
\bx@AA=\insert225
\bx@AB=\insert224
\bx@AC=\insert223
\bx@AD=\insert222
\bx@AE=\insert221
\bx@AF=\insert220
\bx@AG=\insert219
\bx@AH=\insert218
\bx@AI=\insert217
\bx@AJ=\insert216
) (/usr/local/texlive/2011/texmf-dist/tex/latex/lettrine/lettrine.sty
File: lettrine.sty 2007/08/08 v1.62 (Daniel Flipo)
\c@DefaultLines=\count118
\DefaultFindent=\dimen142
\DefaultNindent=\dimen143
\DefaultSlope=\dimen144
\L@lbox=\box29
\L@tbox=\box30
\c@L@lines=\count119
\L@Pindent=\dimen145
\L@Findent=\dimen146
\L@Nindent=\dimen147
\L@lraise=\dimen148
\L@first=\dimen149
\L@next=\dimen150
\L@slope=\dimen151
\L@height=\dimen152
\LettrineWidth=\dimen153

Loading lettrine.cfg
(/usr/local/texlive/2011/texmf-dist/tex/latex/lettrine/lettrine.cfg)) (/usr/local/texlive/2011/texmf-dist/tex/latex/amscls/amsthm.sty
Package: amsthm 2009/07/02 v2.20.1
\thm@style=\toks25
\thm@bodyfont=\toks26
\thm@headfont=\toks27
\thm@notefont=\toks28
\thm@headpunct=\toks29
\thm@preskip=\skip59
\thm@postskip=\skip60
\thm@headsep=\skip61
\dth@everypar=\toks30
) (/usr/local/texlive/2011/texmf-dist/tex/latex/hyperref/hyperref.sty
Package: hyperref 2011/04/17 v6.82g Hypertext links for LaTeX
 (/usr/local/texlive/2011/texmf-dist/tex/generic/oberdiek/hobsub-hyperref.sty
Package: hobsub-hyperref 2011/04/23 v1.4 Bundle oberdiek, subset hyperref (HO)
 (/usr/local/texlive/2011/texmf-dist/tex/generic/oberdiek/hobsub-generic.sty
Package: hobsub-generic 2011/04/23 v1.4 Bundle oberdiek, subset generic (HO)
Package: hobsub 2011/04/23 v1.4 Subsetting bundle oberdiek (HO)
Package hobsub Info: Skipping package `infwarerr' (already loaded).
Package hobsub Info: Skipping package `ltxcmds' (already loaded).
Package hobsub Info: Skipping package `ifluatex' (already loaded).
Package hobsub Info: Skipping package `ifvtex' (already loaded).
Package: intcalc 2007/09/27 v1.1 Expandable integer calculations (HO)
Package hobsub Info: Skipping package `ifpdf' (already loaded).
Package hobsub Info: Skipping package `etexcmds' (already loaded).
Package hobsub Info: Skipping package `kvsetkeys' (already loaded).
Package: kvdefinekeys 2011/04/07 v1.3 Defining keys (HO)
Package: pdftexcmds 2011/04/22 v0.16 Utilities of pdfTeX for LuaTeX (HO)
Package pdftexcmds Info: LuaTeX not detected.
Package pdftexcmds Info: \pdf@primitive is available.
Package pdftexcmds Info: \pdf@ifprimitive is available.
Package pdftexcmds Info: \pdfdraftmode found.
Package: pdfescape 2011/04/04 v1.12 Provides string conversions (HO)
Package: bigintcalc 2011/01/30 v1.2 Expandable big integer calculations (HO)
Package: bitset 2011/01/30 v1.1 Data type bit set (HO)
Package: uniquecounter 2011/01/30 v1.2 Provides unlimited unique counter (HO)
)
Package hobsub Info: Skipping package `hobsub' (already loaded).
Package: letltxmacro 2010/09/02 v1.4 Let assignment for LaTeX macros (HO)
Package: hopatch 2011/01/30 v1.0 Wrapper for package hooks (HO)
Package: xcolor-patch 2011/01/30 xcolor patch
Package: atveryend 2011/04/23 v1.7 Hooks at very end of document (HO)
Package atveryend Info: \enddocument detected (standard).
Package: atbegshi 2011/01/30 v1.15 At begin shipout hook (HO)
Package: refcount 2010/12/01 v3.2 Data extraction from references (HO)
Package: hycolor 2011/01/30 v1.7 Color options of hyperref/bookmark (HO)
)
\@linkdim=\dimen154
\Hy@linkcounter=\count120
\Hy@pagecounter=\count121
 (/usr/local/texlive/2011/texmf-dist/tex/latex/hyperref/pd1enc.def
File: pd1enc.def 2011/04/17 v6.82g Hyperref: PDFDocEncoding definition (HO)
Now handling font encoding PD1 ...
... no UTF-8 mapping file for font encoding PD1
)
\Hy@SavedSpaceFactor=\count122
 (/usr/local/texlive/2011/texmf-dist/tex/latex/latexconfig/hyperref.cfg
File: hyperref.cfg 2002/06/06 v1.2 hyperref configuration of TeXLive
)
Package hyperref Info: Hyper figures OFF on input line 4026.
Package hyperref Info: Link nesting OFF on input line 4031.
Package hyperref Info: Hyper index ON on input line 4034.
Package hyperref Info: Plain pages OFF on input line 4041.
Package hyperref Info: Backreferencing OFF on input line 4046.
Package hyperref Info: Implicit mode ON; LaTeX internals redefined.
Package hyperref Info: Bookmarks ON on input line 4264.
\c@Hy@tempcnt=\count123
 (/usr/local/texlive/2011/texmf-dist/tex/latex/url/url.sty
\Urlmuskip=\muskip11
Package: url 2006/04/12  ver 3.3  Verb mode for urls, etc.
)
LaTeX Info: Redefining \url on input line 4617.
\Fld@menulength=\count124
\Field@Width=\dimen155
\Fld@charsize=\dimen156
Package hyperref Info: Hyper figures OFF on input line 5701.
Package hyperref Info: Link nesting OFF on input line 5706.
Package hyperref Info: Hyper index ON on input line 5709.
Package hyperref Info: backreferencing OFF on input line 5716.
Package hyperref Info: Link coloring OFF on input line 5721.
Package hyperref Info: Link coloring with OCG OFF on input line 5726.
Package hyperref Info: PDF/A mode OFF on input line 5731.
LaTeX Info: Redefining \ref on input line 5771.
LaTeX Info: Redefining \pageref on input line 5775.
\Hy@abspage=\count125
\c@Item=\count126
\c@Hfootnote=\count127
)

Package hyperref Message: Driver (autodetected): hpdftex.

(/usr/local/texlive/2011/texmf-dist/tex/latex/hyperref/hpdftex.def
File: hpdftex.def 2011/04/17 v6.82g Hyperref driver for pdfTeX
\Fld@listcount=\count128
\c@bookmark@seq@number=\count129
 (/usr/local/texlive/2011/texmf-dist/tex/latex/oberdiek/rerunfilecheck.sty
Package: rerunfilecheck 2011/04/15 v1.7 Rerun checks for auxiliary files (HO)
Package uniquecounter Info: New unique counter `rerunfilecheck' on input line 282.
)
\Hy@SectionHShift=\skip62
) (/usr/local/texlive/2011/texmf-dist/tex/latex/listing/listing.sty
Package: listing 1999/05/25

Package `listing', V1.2, <1999/05/25>
\c@listing=\count130
) (/usr/local/texlive/2011/texmf-dist/tex/latex/tools/enumerate.sty
Package: enumerate 1999/03/05 v3.00 enumerate extensions (DPC)
\@enLab=\toks31
) (/usr/local/texlive/2011/texmf-dist/tex/latex/algorithms/algorithm.sty
Package: algorithm 2009/08/24 v0.1 Document Style `algorithm' - floating environment
 (/usr/local/texlive/2011/texmf-dist/tex/latex/float/float.sty
Package: float 2001/11/08 v1.3d Float enhancements (AL)
\c@float@type=\count131
\float@exts=\toks32
\float@box=\box31
\@float@everytoks=\toks33
\@floatcapt=\box32
) (/usr/local/texlive/2011/texmf-dist/tex/latex/base/ifthen.sty
Package: ifthen 2001/05/26 v1.1c Standard LaTeX ifthen package (DPC)
)
\@float@every@algorithm=\toks34
\c@algorithm=\count132
) (/usr/local/texlive/2011/texmf-dist/tex/latex/fancyhdr/fancyhdr.sty
\fancy@headwidth=\skip63
\f@ncyO@elh=\skip64
\f@ncyO@erh=\skip65
\f@ncyO@olh=\skip66
\f@ncyO@orh=\skip67
\f@ncyO@elf=\skip68
\f@ncyO@erf=\skip69
\f@ncyO@olf=\skip70
\f@ncyO@orf=\skip71
) (/usr/local/texlive/2011/texmf-dist/tex/latex/listings/listings.sty
\lst@mode=\count133
\lst@gtempboxa=\box33
\lst@token=\toks35
\lst@length=\count134
\lst@currlwidth=\dimen157
\lst@column=\count135
\lst@pos=\count136
\lst@lostspace=\dimen158
\lst@width=\dimen159
\lst@newlines=\count137
\lst@lineno=\count138
\lst@maxwidth=\dimen160
 (/usr/local/texlive/2011/texmf-dist/tex/latex/listings/lstmisc.sty
File: lstmisc.sty 2007/02/22 1.4 (Carsten Heinz)
\c@lstnumber=\count139
\lst@skipnumbers=\count140
\lst@framebox=\box34
) (/usr/local/texlive/2011/texmf-dist/tex/latex/listings/listings.cfg
File: listings.cfg 2007/02/22 1.4 listings configuration
))
Package: listings 2007/02/22 1.4 (Carsten Heinz)
 (/usr/local/texlive/2011/texmf-dist/tex/latex/tools/tabularx.sty
Package: tabularx 1999/01/07 v2.07 `tabularx' package (DPC)
\TX@col@width=\dimen161
\TX@old@table=\dimen162
\TX@old@col=\dimen163
\TX@target=\dimen164
\TX@delta=\dimen165
\TX@cols=\count141
\TX@ftn=\toks36
) (/usr/local/texlive/2011/texmf-dist/tex/latex/algorithmicx/algpseudocode.sty
Package: algpseudocode 
 (/usr/local/texlive/2011/texmf-dist/tex/latex/algorithmicx/algorithmicx.sty
Package: algorithmicx 2005/04/27 v1.2 Algorithmicx

Document Style algorithmicx 1.2 - a greatly improved `algorithmic' style
\c@ALG@line=\count142
\c@ALG@rem=\count143
\c@ALG@nested=\count144
\ALG@tlm=\skip72
\ALG@thistlm=\skip73
\c@ALG@Lnr=\count145
\c@ALG@blocknr=\count146
\c@ALG@storecount=\count147
\c@ALG@tmpcounter=\count148
\ALG@tmplength=\skip74
)
Document Style - pseudocode environments for use with the `algorithmicx' style
)

Package Fancyhdr Warning: \fancyhead's `E' option without twoside option is useless on input line 42.


Package Fancyhdr Warning: \fancyhead's `E' option without twoside option is useless on input line 44.

LaTeX Font Info:    Redeclaring math alphabet \mathcal on input line 51.
No file TSWLatexianTemp_000632.aux.
\openout1 = `TSWLatexianTemp_000632.aux'.

LaTeX Font Info:    Checking defaults for OML/cmm/m/it on input line 60.
LaTeX Font Info:    ... okay on input line 60.
LaTeX Font Info:    Checking defaults for T1/cmr/m/n on input line 60.
LaTeX Font Info:    ... okay on input line 60.
LaTeX Font Info:    Checking defaults for OT1/cmr/m/n on input line 60.
LaTeX Font Info:    ... okay on input line 60.
LaTeX Font Info:    Checking defaults for OMS/cmsy/m/n on input line 60.
LaTeX Font Info:    ... okay on input line 60.
LaTeX Font Info:    Checking defaults for OMX/cmex/m/n on input line 60.
LaTeX Font Info:    ... okay on input line 60.
LaTeX Font Info:    Checking defaults for U/cmr/m/n on input line 60.
LaTeX Font Info:    ... okay on input line 60.
LaTeX Font Info:    Checking defaults for PD1/pdf/m/n on input line 60.
LaTeX Font Info:    ... okay on input line 60.
LaTeX Font Info:    Try loading font information for T1+ptm on input line 60.
(/usr/local/texlive/2011/texmf-dist/tex/latex/psnfss/t1ptm.fd
File: t1ptm.fd 2001/06/04 font definitions for T1/ptm.
)
*geometry* driver: auto-detecting
*geometry* detected driver: pdftex
*geometry* verbose mode - [ preamble ] result:
* driver: pdftex
* paper: a4paper
* layout: <same size as paper>
* layoutoffset:(h,v)=(0.0pt,0.0pt)
* modes: 
* h-part:(L,W,R)=(85.35826pt, 426.79135pt, 85.35826pt)
* v-part:(T,H,B)=(56.9055pt, 702.78308pt, 85.35826pt)
* \paperwidth=597.50787pt
* \paperheight=845.04684pt
* \textwidth=426.79135pt
* \textheight=702.78308pt
* \oddsidemargin=13.08827pt
* \evensidemargin=13.08827pt
* \topmargin=-52.36449pt
* \headheight=12.0pt
* \headsep=25.0pt
* \topskip=10.0pt
* \footskip=30.0pt
* \marginparwidth=57.0pt
* \marginparsep=11.0pt
* \columnsep=10.0pt
* \skip\footins=9.0pt plus 4.0pt minus 2.0pt
* \hoffset=0.0pt
* \voffset=0.0pt
* \mag=1000
* \@twocolumnfalse
* \@twosidefalse
* \@mparswitchfalse
* \@reversemarginfalse
* (1in=72.27pt=25.4mm, 1cm=28.453pt)

(/usr/local/texlive/2011/texmf-dist/tex/context/base/supp-pdf.mkii
[Loading MPS to PDF converter (version 2006.09.02).]
\scratchcounter=\count149
\scratchdimen=\dimen166
\scratchbox=\box35
\nofMPsegments=\count150
\nofMParguments=\count151
\everyMPshowfont=\toks37
\MPscratchCnt=\count152
\MPscratchDim=\dimen167
\MPnumerator=\count153
\makeMPintoPDFobject=\count154
\everyMPtoPDFconversion=\toks38
) (/usr/local/texlive/2011/texmf-dist/tex/latex/oberdiek/epstopdf-base.sty
Package: epstopdf-base 2010/02/09 v2.5 Base part for package epstopdf
 (/usr/local/texlive/2011/texmf-dist/tex/latex/oberdiek/grfext.sty
Package: grfext 2010/08/19 v1.1 Managing graphics extensions (HO)
)
Package grfext Info: Graphics extension search list:
(grfext)             [.png,.pdf,.jpg,.mps,.jpeg,.jbig2,.jb2,.PNG,.PDF,.JPG,.JPEG,.JBIG2,.JB2,.eps]
(grfext)             \AppendGraphicsExtensions on input line 452.
 (/usr/local/texlive/2011/texmf-dist/tex/latex/latexconfig/epstopdf-sys.cfg
File: epstopdf-sys.cfg 2010/07/13 v1.3 Configuration of (r)epstopdf for TeX Live
))
Package caption Info: Begin \AtBeginDocument code.
Package caption3 Info: subfig package 1.2 or 1.3 is loaded.
LaTeX Info: Redefining \subref on input line 60.
Package caption Info: float package is loaded.
Package caption Info: hyperref package is loaded.
Package caption Info: listings package is loaded.
Package caption Info: End \AtBeginDocument code.
\AtBeginShipoutBox=\box36
Package hyperref Info: Link coloring OFF on input line 60.
 (/usr/local/texlive/2011/texmf-dist/tex/latex/hyperref/nameref.sty
Package: nameref 2010/04/30 v2.40 Cross-referencing by name of section
 (/usr/local/texlive/2011/texmf-dist/tex/generic/oberdiek/gettitlestring.sty
Package: gettitlestring 2010/12/03 v1.4 Cleanup title references (HO)
)
\c@section@level=\count155
)
LaTeX Info: Redefining \ref on input line 60.
LaTeX Info: Redefining \pageref on input line 60.
LaTeX Info: Redefining \nameref on input line 60.
\@outlinefile=\write3
\openout3 = `TSWLatexianTemp_000632.out'.

\c@lstlisting=\count156
LaTeX Font Info:    Font shape `T1/ptm/bx/n' in size <24.88> not available
(Font)              Font shape `T1/ptm/b/n' tried instead on input line 64.
\tf@toc=\write4
\openout4 = `TSWLatexianTemp_000632.toc'.

 [1


{/usr/local/texlive/2011/texmf-var/fonts/map/pdftex/updmap/pdftex.map}]
Chapter 1.
LaTeX Font Info:    Font shape `T1/ptm/bx/n' in size <20.74> not available
(Font)              Font shape `T1/ptm/b/n' tried instead on input line 67.
[2

] [3]
Chapter 2.
LaTeX Font Info:    Font shape `T1/ptm/bx/n' in size <14.4> not available
(Font)              Font shape `T1/ptm/b/n' tried instead on input line 79.
LaTeX Font Info:    Try loading font information for OT1+ztmcm on input line 87.
(/usr/local/texlive/2011/texmf-dist/tex/latex/psnfss/ot1ztmcm.fd
File: ot1ztmcm.fd 2000/01/03 Fontinst v1.801 font definitions for OT1/ztmcm.
)
LaTeX Font Info:    Try loading font information for OML+ztmcm on input line 87.
 (/usr/local/texlive/2011/texmf-dist/tex/latex/psnfss/omlztmcm.fd
File: omlztmcm.fd 2000/01/03 Fontinst v1.801 font definitions for OML/ztmcm.
)
LaTeX Font Info:    Try loading font information for OMS+ztmcm on input line 87.
 (/usr/local/texlive/2011/texmf-dist/tex/latex/psnfss/omsztmcm.fd
File: omsztmcm.fd 2000/01/03 Fontinst v1.801 font definitions for OMS/ztmcm.
)
LaTeX Font Info:    Try loading font information for OMX+ztmcm on input line 87.
 (/usr/local/texlive/2011/texmf-dist/tex/latex/psnfss/omxztmcm.fd
File: omxztmcm.fd 2000/01/03 Fontinst v1.801 font definitions for OMX/ztmcm.
)
LaTeX Font Info:    Try loading font information for OT1+ptm on input line 87.
 (/usr/local/texlive/2011/texmf-dist/tex/latex/psnfss/ot1ptm.fd
File: ot1ptm.fd 2001/06/04 font definitions for OT1/ptm.
)
LaTeX Font Info:    Font shape `OT1/ptm/bx/n' in size <14.4> not available
(Font)              Font shape `OT1/ptm/b/n' tried instead on input line 87.
LaTeX Font Info:    Font shape `OT1/ptm/bx/n' in size <10.95> not available
(Font)              Font shape `OT1/ptm/b/n' tried instead on input line 87.
LaTeX Font Info:    Font shape `OT1/ptm/bx/n' in size <8> not available
(Font)              Font shape `OT1/ptm/b/n' tried instead on input line 87.
 [4

]
LaTeX Font Info:    Try loading font information for OMS+ptm on input line 93.
 (/usr/local/texlive/2011/texmf-dist/tex/latex/psnfss/omsptm.fd
File: omsptm.fd 
)
LaTeX Font Info:    Font shape `OMS/ptm/m/n' in size <14.4> not available
(Font)              Font shape `OMS/cmsy/m/n' tried instead on input line 93.
LaTeX Font Info:    Font shape `T1/ptm/bx/n' in size <12> not available
(Font)              Font shape `T1/ptm/b/n' tried instead on input line 98.
 [5] <images/ht.jpeg, id=45, 512.91624pt x 384.43625pt>
File: images/ht.jpeg Graphic file (type jpg)
 <use images/ht.jpeg>
Package pdftex.def Info: images/ht.jpeg used on input line 143.
(pdftex.def)             Requested size: 153.64148pt x 115.15578pt.
LaTeX Font Info:    Font shape `OT1/ptm/bx/n' in size <10> not available
(Font)              Font shape `OT1/ptm/b/n' tried instead on input line 145.
LaTeX Font Info:    Font shape `OT1/ptm/bx/n' in size <7.4> not available
(Font)              Font shape `OT1/ptm/b/n' tried instead on input line 145.
LaTeX Font Info:    Font shape `OT1/ptm/bx/n' in size <6> not available
(Font)              Font shape `OT1/ptm/b/n' tried instead on input line 145.
 <images/dht.jpeg, id=46, 540.0175pt x 417.56pt>
File: images/dht.jpeg Graphic file (type jpg)
 <use images/dht.jpeg>
Package pdftex.def Info: images/dht.jpeg used on input line 149.
(pdftex.def)             Requested size: 153.64148pt x 118.79556pt.
 [6 <./images/ht.jpeg> <./images/dht.jpeg>] [7] [8]
Package hyperref Info: bookmark level for unknown algorithm defaults to 0 on input line 228.
LaTeX Font Info:    Font shape `T1/ptm/bx/n' in size <10> not available
(Font)              Font shape `T1/ptm/b/n' tried instead on input line 228.
 <images/robocup_robot_positions.jpeg, id=76, 703.62875pt x 407.5225pt>
File: images/robocup_robot_positions.jpeg Graphic file (type jpg)
 <use images/robocup_robot_positions.jpeg>
Package pdftex.def Info: images/robocup_robot_positions.jpeg used on input line 247.
(pdftex.def)             Requested size: 384.1096pt x 222.46535pt.
 <images/robocup_alg_module.jpeg, id=77, 714.67pt x 317.185pt>
File: images/robocup_alg_module.jpeg Graphic file (type jpg)
 <use images/robocup_alg_module.jpeg>
Package pdftex.def Info: images/robocup_alg_module.jpeg used on input line 262.
(pdftex.def)             Requested size: 384.1096pt x 170.47392pt.
 [9] [10 <./images/robocup_robot_positions.jpeg> <./images/robocup_alg_module.jpeg>] [11pdfTeX warning (ext4): destination with the same identifier (name{equation.2.3.23}) has been already used, duplicate ignored

\AtBegShi@Output ...ipout \box \AtBeginShipoutBox 
                                                  \fi \fi 
l.308 \end{equation}
                    ] [12pdfTeX warning (ext4): destination with the same identifier (name{equation.2.3.26}) has been already used, duplicate ignored

\AtBegShi@Output ...ipout \box \AtBeginShipoutBox 
                                                  \fi \fi 
l.336 \begin{equation}
                      ] <images/features_original_image.jpeg, id=109, 501.875pt x 335.2525pt>
File: images/features_original_image.jpeg Graphic file (type jpg)
 <use images/features_original_image.jpeg>
Package pdftex.def Info: images/features_original_image.jpeg used on input line 345.
(pdftex.def)             Requested size: 256.07089pt x 171.06348pt.
 <images/features_extracted_features.jpeg, id=110, 501.875pt x 331.2375pt>
File: images/features_extracted_features.jpeg Graphic file (type jpg)
 <use images/features_extracted_features.jpeg>
Package pdftex.def Info: images/features_extracted_features.jpeg used on input line 351.
(pdftex.def)             Requested size: 256.07089pt x 169.0148pt.
 [13 <./images/features_original_image.jpeg> <./images/features_extracted_features.jpeg>]
Chapter 3.
[14

] [15] [16]
Underfull \hbox (badness 10000) in paragraph at lines 458--461

 []

[17] [18] <images/ellipses.jpeg, id=151, 778.91pt x 305.14pt>
File: images/ellipses.jpeg Graphic file (type jpg)
 <use images/ellipses.jpeg>
Package pdftex.def Info: images/ellipses.jpeg used on input line 487.
(pdftex.def)             Requested size: 384.1096pt x 150.47438pt.
 [19 <./images/ellipses.jpeg>] <images/unidirectional_nominal_path.jpeg, id=160, 456.70625pt x 362.35374pt>
File: images/unidirectional_nominal_path.jpeg Graphic file (type jpg)
 <use images/unidirectional_nominal_path.jpeg>
Package pdftex.def Info: images/unidirectional_nominal_path.jpeg used on input line 530.
(pdftex.def)             Requested size: 213.39568pt x 169.30551pt.
 [20 <./images/unidirectional_nominal_path.jpeg>] [21] [22] [23] [24pdfTeX warning (ext4): destination with the same identifier (name{equation.3.5.12}) has been already used, duplicate ignored

\AtBegShi@Output ...ipout \box \AtBeginShipoutBox 
                                                  \fi \fi 
l.635 \end{align}
                 ] [25]
Chapter 4.
[26

] <images/rho_theta.jpeg, id=212, 725.71124pt x 619.31375pt>
File: images/rho_theta.jpeg Graphic file (type jpg)
 <use images/rho_theta.jpeg>
Package pdftex.def Info: images/rho_theta.jpeg used on input line 695.
(pdftex.def)             Requested size: 213.39568pt x 182.11008pt.
LaTeX Font Info:    Font shape `OT1/ptm/bx/n' in size <9> not available
(Font)              Font shape `OT1/ptm/b/n' tried instead on input line 696.
LaTeX Font Info:    Font shape `OT1/ptm/bx/n' in size <7> not available
(Font)              Font shape `OT1/ptm/b/n' tried instead on input line 696.
 [27] [28 <./images/rho_theta.jpeg>] [29] [30] [31] <images/iterative_process.jpg, id=258, 1026.83624pt x 480.79625pt>
File: images/iterative_process.jpg Graphic file (type jpg)
 <use images/iterative_process.jpg>
Package pdftex.def Info: images/iterative_process.jpg used on input line 802.
(pdftex.def)             Requested size: 426.79135pt x 199.83484pt.
 [32 <./images/iterative_process.jpg>]
Chapter 5.
[33

] <images/tf.jpeg, id=272, 605.26125pt x 487.8225pt>
File: images/tf.jpeg Graphic file (type jpg)
 <use images/tf.jpeg>
Package pdftex.def Info: images/tf.jpeg used on input line 826.
(pdftex.def)             Requested size: 384.1096pt x 309.58519pt.
 <images/rviz.jpeg, id=273, 536.0025pt x 308.15125pt>
File: images/rviz.jpeg Graphic file (type jpg)
 <use images/rviz.jpeg>
Package pdftex.def Info: images/rviz.jpeg used on input line 836.
(pdftex.def)             Requested size: 384.1161pt x 220.82957pt.
 <images/rqt_bag.jpeg, id=274, 473.77pt x 266.9975pt>
File: images/rqt_bag.jpeg Graphic file (type jpg)
 <use images/rqt_bag.jpeg>
Package pdftex.def Info: images/rqt_bag.jpeg used on input line 842.
(pdftex.def)             Requested size: 384.1161pt x 216.47862pt.
 [34 <./images/tf.jpeg>] [35] <images/mappa_dis/dis-B1-2011-09-27.png, id=287, 1013.7875pt x 1074.0125pt>
File: images/mappa_dis/dis-B1-2011-09-27.png Graphic file (type png)
 <use images/mappa_dis/dis-B1-2011-09-27.png>
Package pdftex.def Info: images/mappa_dis/dis-B1-2011-09-27.png used on input line 874.
(pdftex.def)             Requested size: 426.79135pt x 452.13101pt.
 <images/mappa_dis/world_file.jpg, id=288, 661.47125pt x 780.9175pt>
File: images/mappa_dis/world_file.jpg Graphic file (type jpg)
 <use images/mappa_dis/world_file.jpg>
Package pdftex.def Info: images/mappa_dis/world_file.jpg used on input line 881.
(pdftex.def)             Requested size: 426.79135pt x 503.84879pt.

Overfull \hbox (9.29999pt too wide) in paragraph at lines 881--882
 [][] 
 []

<images/mappa_dis/yaml_file.jpg, id=289, 641.39626pt x 130.4875pt>
File: images/mappa_dis/yaml_file.jpg Graphic file (type jpg)
 <use images/mappa_dis/yaml_file.jpg>
Package pdftex.def Info: images/mappa_dis/yaml_file.jpg used on input line 888.
(pdftex.def)             Requested size: 426.79135pt x 86.82883pt.

Overfull \hbox (9.29999pt too wide) in paragraph at lines 888--889
 [][] 
 []

<images/mappa_dis/teleop_base.jpg, id=290, 657.45625pt x 258.9675pt>
File: images/mappa_dis/teleop_base.jpg Graphic file (type jpg)
 <use images/mappa_dis/teleop_base.jpg>
Package pdftex.def Info: images/mappa_dis/teleop_base.jpg used on input line 897.
(pdftex.def)             Requested size: 426.79135pt x 168.11348pt.

Overfull \hbox (9.29999pt too wide) in paragraph at lines 897--898
 [][] 
 []

[36] [37pdfTeX warning (ext4): destination with the same identifier (name{equation.5.4.1}) has been already used, duplicate ignored

\AtBegShi@Output ...ipout \box \AtBeginShipoutBox 
                                                  \fi \fi 
l.941 
      ] <images/foto_test/-5_-0.3_-4.7124/plot.jpeg, id=305, 640.3925pt x 384.43625pt>
File: images/foto_test/-5_-0.3_-4.7124/plot.jpeg Graphic file (type jpg)
 <use images/foto_test/-5_-0.3_-4.7124/plot.jpeg>
Package pdftex.def Info: images/foto_test/-5_-0.3_-4.7124/plot.jpeg used on input line 973.
(pdftex.def)             Requested size: 426.79135pt x 256.21002pt.
 <images/foto_test/-5_-0.3_-4.7124/chi.jpeg, id=306, 643.40375pt x 391.4625pt>
File: images/foto_test/-5_-0.3_-4.7124/chi.jpeg Graphic file (type jpg)
 <use images/foto_test/-5_-0.3_-4.7124/chi.jpeg>
Package pdftex.def Info: images/foto_test/-5_-0.3_-4.7124/chi.jpeg used on input line 974.
(pdftex.def)             Requested size: 426.79135pt x 259.68015pt.
 <images/foto_test/-5_-0.3_0.5236/plot.jpeg, id=307, 644.4075pt x 385.44pt>
File: images/foto_test/-5_-0.3_0.5236/plot.jpeg Graphic file (type jpg)
 <use images/foto_test/-5_-0.3_0.5236/plot.jpeg>
Package pdftex.def Info: images/foto_test/-5_-0.3_0.5236/plot.jpeg used on input line 980.
(pdftex.def)             Requested size: 426.79135pt x 255.28514pt.
 <images/foto_test/-5_-0.3_0.5236/chi.jpeg, id=308, 638.385pt x 386.44376pt>
File: images/foto_test/-5_-0.3_0.5236/chi.jpeg Graphic file (type jpg)
 <use images/foto_test/-5_-0.3_0.5236/chi.jpeg>
Package pdftex.def Info: images/foto_test/-5_-0.3_0.5236/chi.jpeg used on input line 981.
(pdftex.def)             Requested size: 426.79135pt x 258.35579pt.
 <images/foto_test/-5_7_-4.7124/plot.jpeg, id=309, 642.4pt x 386.44376pt>
File: images/foto_test/-5_7_-4.7124/plot.jpeg Graphic file (type jpg)
 <use images/foto_test/-5_7_-4.7124/plot.jpeg>
Package pdftex.def Info: images/foto_test/-5_7_-4.7124/plot.jpeg used on input line 987.
(pdftex.def)             Requested size: 426.79135pt x 256.746pt.
 <images/foto_test/-5_7_-4.7124/chi.jpeg, id=310, 639.38875pt x 382.42876pt>
File: images/foto_test/-5_7_-4.7124/chi.jpeg Graphic file (type jpg)
 <use images/foto_test/-5_7_-4.7124/chi.jpeg>
Package pdftex.def Info: images/foto_test/-5_7_-4.7124/chi.jpeg used on input line 988.
(pdftex.def)             Requested size: 426.79135pt x 255.27477pt.
 <images/foto_test/-5_7_0.5236/plot.jpeg, id=311, 641.39626pt x 413.545pt>
File: images/foto_test/-5_7_0.5236/plot.jpeg Graphic file (type jpg)
 <use images/foto_test/-5_7_0.5236/plot.jpeg>
Package pdftex.def Info: images/foto_test/-5_7_0.5236/plot.jpeg used on input line 994.
(pdftex.def)             Requested size: 426.79135pt x 275.18065pt.
 <images/foto_test/-5_7_0.5236/chi.jpeg, id=312, 642.4pt x 385.44pt>
File: images/foto_test/-5_7_0.5236/chi.jpeg Graphic file (type jpg)
 <use images/foto_test/-5_7_0.5236/chi.jpeg>
Package pdftex.def Info: images/foto_test/-5_7_0.5236/chi.jpeg used on input line 995.
(pdftex.def)             Requested size: 426.79135pt x 256.07912pt.
 <images/foto_test/0.5_-0.3_-4.7124/plot.jpeg, id=313, 641.39626pt x 389.455pt>
File: images/foto_test/0.5_-0.3_-4.7124/plot.jpeg Graphic file (type jpg)
 <use images/foto_test/0.5_-0.3_-4.7124/plot.jpeg>
Package pdftex.def Info: images/foto_test/0.5_-0.3_-4.7124/plot.jpeg used on input line 1001.
(pdftex.def)             Requested size: 426.79135pt x 259.15071pt.
 <images/foto_test/0.5_-0.3_-4.7124/chi.jpeg, id=314, 645.41125pt x 381.425pt>
File: images/foto_test/0.5_-0.3_-4.7124/chi.jpeg Graphic file (type jpg)
 <use images/foto_test/0.5_-0.3_-4.7124/chi.jpeg>
Package pdftex.def Info: images/foto_test/0.5_-0.3_-4.7124/chi.jpeg used on input line 1002.
(pdftex.def)             Requested size: 426.79135pt x 252.22433pt.
 <images/foto_test/0.5_-0.3_0.5236/plot.jpeg, id=315, 640.3925pt x 387.4475pt>
File: images/foto_test/0.5_-0.3_0.5236/plot.jpeg Graphic file (type jpg)
 <use images/foto_test/0.5_-0.3_0.5236/plot.jpeg>
Package pdftex.def Info: images/foto_test/0.5_-0.3_0.5236/plot.jpeg used on input line 1008.
(pdftex.def)             Requested size: 426.79135pt x 258.21689pt.
 <images/foto_test/0.5_-0.3_0.5236/chi.jpeg, id=316, 643.40375pt x 388.45125pt>
File: images/foto_test/0.5_-0.3_0.5236/chi.jpeg Graphic file (type jpg)
 <use images/foto_test/0.5_-0.3_0.5236/chi.jpeg>
Package pdftex.def Info: images/foto_test/0.5_-0.3_0.5236/chi.jpeg used on input line 1009.
(pdftex.def)             Requested size: 426.79135pt x 257.6826pt.
 <images/foto_test/0.5_7_-4.7124/plot.jpeg, id=317, 644.4075pt x 389.455pt>
File: images/foto_test/0.5_7_-4.7124/plot.jpeg Graphic file (type jpg)
 <use images/foto_test/0.5_7_-4.7124/plot.jpeg>
Package pdftex.def Info: images/foto_test/0.5_7_-4.7124/plot.jpeg used on input line 1015.
(pdftex.def)             Requested size: 426.79135pt x 257.94437pt.
 <images/foto_test/0.5_7_-4.7124/chi.jpeg, id=318, 643.40375pt x 387.4475pt>
File: images/foto_test/0.5_7_-4.7124/chi.jpeg Graphic file (type jpg)
 <use images/foto_test/0.5_7_-4.7124/chi.jpeg>
Package pdftex.def Info: images/foto_test/0.5_7_-4.7124/chi.jpeg used on input line 1016.
(pdftex.def)             Requested size: 426.79135pt x 257.01677pt.
 <images/foto_test/0.5_7_0.5236/plot.jpeg, id=319, 642.4pt x 389.455pt>
File: images/foto_test/0.5_7_0.5236/plot.jpeg Graphic file (type jpg)
 <use images/foto_test/0.5_7_0.5236/plot.jpeg>
Package pdftex.def Info: images/foto_test/0.5_7_0.5236/plot.jpeg used on input line 1022.
(pdftex.def)             Requested size: 426.79135pt x 258.74661pt.
 <images/foto_test/0.5_7_0.5236/chi.jpeg, id=320, 643.40375pt x 387.4475pt>
File: images/foto_test/0.5_7_0.5236/chi.jpeg Graphic file (type jpg)
 <use images/foto_test/0.5_7_0.5236/chi.jpeg>
Package pdftex.def Info: images/foto_test/0.5_7_0.5236/chi.jpeg used on input line 1023.
(pdftex.def)             Requested size: 426.79135pt x 257.01677pt.
 [38] <images/two_frames/P_PTP_PT_after_LS.png, id=328, 1325.95375pt x 692.5875pt>
File: images/two_frames/P_PTP_PT_after_LS.png Graphic file (type png)
 <use images/two_frames/P_PTP_PT_after_LS.png>
Package pdftex.def Info: images/two_frames/P_PTP_PT_after_LS.png used on input line 1039.
(pdftex.def)             Requested size: 426.79135pt x 222.92181pt.
 <images/two_frames/data_association_no_eval.png, id=330, 1333.98375pt x 699.61375pt>
File: images/two_frames/data_association_no_eval.png Graphic file (type png)
 <use images/two_frames/data_association_no_eval.png>
Package pdftex.def Info: images/two_frames/data_association_no_eval.png used on input line 1044.
(pdftex.def)             Requested size: 426.79135pt x 223.82759pt.
 <images/two_frames/data_association.png, id=331, 1329.96875pt x 699.61375pt>
File: images/two_frames/data_association.png Graphic file (type png)
 <use images/two_frames/data_association.png>
Package pdftex.def Info: images/two_frames/data_association.png used on input line 1049.
(pdftex.def)             Requested size: 426.79135pt x 224.5108pt.
 [39] <images/chi.jpeg, id=337, 642.4pt x 450.68375pt>
File: images/chi.jpeg Graphic file (type jpg)
 <use images/chi.jpeg>
Package pdftex.def Info: images/chi.jpeg used on input line 1062.
(pdftex.def)             Requested size: 426.79135pt x 299.42584pt.
 [40] [41 <./images/rviz.jpeg> <./images/rqt_bag.jpeg>] [42 <./images/mappa_dis/dis-B1-2011-09-27.png>] [43 <./images/mappa_dis/world_file.jpg> <./images/mappa_dis/yaml_file.jpg>] [44 <./images/mappa_dis/teleop_base.jpg>] [45 <./images/foto_test/-5_-0.3_-4.7124/plot.jpeg> <./images/foto_test/-5_-0.3_-4.7124/chi.jpeg>] [46 <./images/foto_test/-5_-0.3_0.5236/plot.jpeg> <./images/foto_test/-5_-0.3_0.5236/chi.jpeg>] [47 <./images/foto_test/-5_7_-4.7124/plot.jpeg> <./images/foto_test/-5_7_-4.7124/chi.jpeg>] [48 <./images/foto_test/-5_7_0.5236/plot.jpeg> <./images/foto_test/-5_7_0.5236/chi.jpeg>] [49 <./images/foto_test/0.5_-0.3_-4.7124/plot.jpeg> <./images/foto_test/0.5_-0.3_-4.7124/chi.jpeg>] [50 <./images/foto_test/0.5_-0.3_0.5236/plot.jpeg> <./images/foto_test/0.5_-0.3_0.5236/chi.jpeg>] [51 <./images/foto_test/0.5_7_-4.7124/plot.jpeg> <./images/foto_test/0.5_7_-4.7124/chi.jpeg>] [52 <./images/foto_test/0.5_7_0.5236/plot.jpeg> <./images/foto_test/0.5_7_0.5236/chi.jpeg>] [53 <./images/two_frames/P_PTP_PT_after_LS.png> <./images/two_frames/data_association_no_eval.png>] [54 <./images/two_frames/data_association.png> <./images/chi.jpeg>]
\tf@lof=\write5
\openout5 = `TSWLatexianTemp_000632.lof'.

Package atveryend Info: Empty hook `BeforeClearDocument' on input line 1068.
 [55

]
Package atveryend Info: Empty hook `AfterLastShipout' on input line 1068.
 (./TSWLatexianTemp_000632.aux)
Package atveryend Info: Executing hook `AtVeryEndDocument' on input line 1068.
Package atveryend Info: Executing hook `AtEndAfterFileList' on input line 1068.


Package rerunfilecheck Warning: File `TSWLatexianTemp_000632.out' has changed.
(rerunfilecheck)                Rerun to get outlines right
(rerunfilecheck)                or use package `bookmark'.

Package rerunfilecheck Info: Checksums for `TSWLatexianTemp_000632.out':
(rerunfilecheck)             Before: <no file>
(rerunfilecheck)             After:  5E12DDE8EC2A786E97AE1AF02FEC1B21;2356.

LaTeX Warning: Label(s) may have changed. Rerun to get cross-references right.

Package atveryend Info: Empty hook `AtVeryVeryEnd' on input line 1068.
 ) 
Here is how much of TeX's memory you used:
 11543 strings out of 493633
 171395 string characters out of 3143378
 278775 words of memory out of 3000000
 14365 multiletter control sequences out of 15000+200000
 109570 words of font info for 176 fonts, out of 3000000 for 9000
 831 hyphenation exceptions out of 8191
 36i,17n,43p,1085b,416s stack positions out of 5000i,500n,10000p,200000b,50000s
{/usr/local/texlive/2011/texmf-dist/fonts/enc/dvips/base/8r.enc}</usr/local/texlive/2011/texmf-dist/fonts/type1/public/amsfonts/cm/cmbsy10.pfb></usr/local/texlive/2011/texmf-dist/fonts/type1/public/amsfonts/cm/cmex10.pfb></usr/local/texlive/2011/texmf-dist/fonts/type1/public/amsfonts/cm/cmmi10.pfb></usr/local/texlive/2011/texmf-dist/fonts/type1/public/amsfonts/cm/cmr10.pfb></usr/local/texlive/2011/texmf-dist/fonts/type1/public/amsfonts/cm/cmsy10.pfb></usr/local/texlive/2011/texmf-dist/fonts/type1/public/amsfonts/symbols/msbm10.pfb></usr/local/texlive/2011/texmf-dist/fonts/type1/urw/symbol/usyr.pfb></usr/local/texlive/2011/texmf-dist/fonts/type1/urw/symbol/usyr.pfb></usr/local/texlive/2011/texmf-dist/fonts/type1/urw/times/utmb8a.pfb></usr/local/texlive/2011/texmf-dist/fonts/type1/urw/times/utmr8a.pfb></usr/local/texlive/2011/texmf-dist/fonts/type1/urw/times/utmri8a.pfb>
Output written on TSWLatexianTemp_000632.pdf (55 pages, 2002223 bytes).
PDF statistics:
 508 PDF objects out of 1000 (max. 8388607)
 396 compressed objects within 4 object streams
 194 named destinations out of 1000 (max. 500000)
 186 words of extra memory for PDF output out of 10000 (max. 10000000)

